{
  "RSpec": {
    "coverage": {
      "/home/jessicajoy/tic-tac-toe-rb-bootcamp-prep-000/lib/tic_tac_toe.rb": [
        1,
        null,
        1,
        29,
        29,
        29,
        29,
        29,
        null,
        null,
        null,
        1,
        null,
        null,
        null,
        null,
        null,
        null,
        null,
        null,
        null,
        null,
        1,
        27048,
        null,
        null,
        1,
        27,
        null,
        null,
        1,
        27050,
        27,
        null,
        27023,
        null,
        null,
        null,
        1,
        27048,
        null,
        null,
        1,
        26,
        26,
        234,
        43,
        null,
        null,
        26,
        null,
        null,
        1,
        25,
        25,
        17,
        null,
        8,
        null,
        null,
        null,
        1,
        27049,
        27045,
        27045,
        27045,
        24,
        24,
        24,
        null,
        27021,
        null,
        null,
        null,
        1,
        58,
        358,
        358,
        358,
        null,
        358,
        358,
        358,
        null,
        358,
        27,
        null,
        null,
        31,
        null,
        null,
        1,
        206,
        null,
        null,
        1,
        6,
        2,
        null,
        null,
        null,
        1,
        3,
        2,
        null,
        null,
        null,
        1,
        8,
        7,
        7,
        7,
        null,
        null,
        null,
        null,
        null,
        1,
        12,
        26,
        null,
        8,
        6,
        null,
        null
      ]
    },
    "timestamp": 1600486135
  }
}
